{
  message: 'connected To Db',
  level: 'info',
  label: 'UMS-info-Success',
  timestamp: '2023-10-12T05:10:58.723Z'
}
{
  message: 'Application listening on port 5000',
  level: 'info',
  label: 'UMS-info-Success',
  timestamp: '2023-10-12T05:10:58.726Z'
}
{
  message: 'connected To Db',
  level: 'info',
  label: 'UMS-info-Success',
  timestamp: '2023-10-12T05:41:45.370Z'
}
{
  message: 'Application listening on port 5000',
  level: 'info',
  label: 'UMS-info-Success',
  timestamp: '2023-10-12T05:41:45.374Z'
}
