{
  message: 'connected To Db',
  level: 'info',
  label: 'UMS-info-Success',
  timestamp: '2023-10-12T09:37:25.268Z'
}
{
  message: 'Application listening on port 5000',
  level: 'info',
  label: 'UMS-info-Success',
  timestamp: '2023-10-12T09:37:25.273Z'
}
{
  message: 'connected To Db',
  level: 'info',
  label: 'UMS-info-Success',
  timestamp: '2023-10-12T09:37:38.286Z'
}
{
  message: 'Application listening on port 5000',
  level: 'info',
  label: 'UMS-info-Success',
  timestamp: '2023-10-12T09:37:38.289Z'
}
{
  message: 'connected To Db',
  level: 'info',
  label: 'UMS-info-Success',
  timestamp: '2023-10-12T09:38:49.669Z'
}
{
  message: 'Application listening on port 5000',
  level: 'info',
  label: 'UMS-info-Success',
  timestamp: '2023-10-12T09:38:49.672Z'
}
{
  message: 'connected To Db',
  level: 'info',
  label: 'UMS-info-Success',
  timestamp: '2023-10-12T09:45:07.822Z'
}
{
  message: 'Application listening on port 5000',
  level: 'info',
  label: 'UMS-info-Success',
  timestamp: '2023-10-12T09:45:07.825Z'
}
