{
  message: 'connected To Db',
  level: 'info',
  label: 'UMS-info-Success',
  timestamp: '2023-10-16T05:12:47.268Z'
}
{
  message: 'Application listening on port 5000',
  level: 'info',
  label: 'UMS-info-Success',
  timestamp: '2023-10-16T05:12:47.270Z'
}
{
  message: 'connected To Db',
  level: 'info',
  label: 'UMS-info-Success',
  timestamp: '2023-10-16T05:14:22.002Z'
}
{
  message: 'Application listening on port 5000',
  level: 'info',
  label: 'UMS-info-Success',
  timestamp: '2023-10-16T05:14:22.006Z'
}
{
  message: 'connected To Db',
  level: 'info',
  label: 'UMS-info-Success',
  timestamp: '2023-10-16T05:16:13.701Z'
}
{
  message: 'Application listening on port 5000',
  level: 'info',
  label: 'UMS-info-Success',
  timestamp: '2023-10-16T05:16:13.704Z'
}
{
  message: 'connected To Db',
  level: 'info',
  label: 'UMS-info-Success',
  timestamp: '2023-10-16T05:20:21.068Z'
}
{
  message: 'Application listening on port 5000',
  level: 'info',
  label: 'UMS-info-Success',
  timestamp: '2023-10-16T05:20:21.071Z'
}
{
  message: 'connected To Db',
  level: 'info',
  label: 'UMS-info-Success',
  timestamp: '2023-10-16T05:21:21.778Z'
}
{
  message: 'Application listening on port 5000',
  level: 'info',
  label: 'UMS-info-Success',
  timestamp: '2023-10-16T05:21:21.781Z'
}
{
  message: 'connected To Db',
  level: 'info',
  label: 'UMS-info-Success',
  timestamp: '2023-10-16T05:21:34.823Z'
}
{
  message: 'Application listening on port 5000',
  level: 'info',
  label: 'UMS-info-Success',
  timestamp: '2023-10-16T05:21:34.827Z'
}
{
  message: 'connected To Db',
  level: 'info',
  label: 'UMS-info-Success',
  timestamp: '2023-10-16T05:36:55.287Z'
}
{
  message: 'Application listening on port 5000',
  level: 'info',
  label: 'UMS-info-Success',
  timestamp: '2023-10-16T05:36:55.290Z'
}
{
  message: 'connected To Db',
  level: 'info',
  label: 'UMS-info-Success',
  timestamp: '2023-10-16T05:37:41.933Z'
}
{
  message: 'Application listening on port 5000',
  level: 'info',
  label: 'UMS-info-Success',
  timestamp: '2023-10-16T05:37:41.935Z'
}
{
  message: 'connected To Db',
  level: 'info',
  label: 'UMS-info-Success',
  timestamp: '2023-10-16T05:37:49.887Z'
}
{
  message: 'Application listening on port 5000',
  level: 'info',
  label: 'UMS-info-Success',
  timestamp: '2023-10-16T05:37:49.890Z'
}
{
  message: 'connected To Db',
  level: 'info',
  label: 'UMS-info-Success',
  timestamp: '2023-10-16T05:38:43.269Z'
}
{
  message: 'Application listening on port 5000',
  level: 'info',
  label: 'UMS-info-Success',
  timestamp: '2023-10-16T05:38:43.273Z'
}
{
  message: 'connected To Db',
  level: 'info',
  label: 'UMS-info-Success',
  timestamp: '2023-10-16T05:40:24.122Z'
}
{
  message: 'Application listening on port 5000',
  level: 'info',
  label: 'UMS-info-Success',
  timestamp: '2023-10-16T05:40:24.125Z'
}
{
  message: 'connected To Db',
  level: 'info',
  label: 'UMS-info-Success',
  timestamp: '2023-10-16T05:46:19.517Z'
}
{
  message: 'Application listening on port 5000',
  level: 'info',
  label: 'UMS-info-Success',
  timestamp: '2023-10-16T05:46:19.521Z'
}
{
  message: 'connected To Db',
  level: 'info',
  label: 'UMS-info-Success',
  timestamp: '2023-10-16T05:46:35.927Z'
}
{
  message: 'Application listening on port 5000',
  level: 'info',
  label: 'UMS-info-Success',
  timestamp: '2023-10-16T05:46:35.930Z'
}
{
  message: 'connected To Db',
  level: 'info',
  label: 'UMS-info-Success',
  timestamp: '2023-10-16T05:48:33.478Z'
}
{
  message: 'Application listening on port 5000',
  level: 'info',
  label: 'UMS-info-Success',
  timestamp: '2023-10-16T05:48:33.481Z'
}
{
  message: 'connected To Db',
  level: 'info',
  label: 'UMS-info-Success',
  timestamp: '2023-10-16T05:48:54.035Z'
}
{
  message: 'Application listening on port 5000',
  level: 'info',
  label: 'UMS-info-Success',
  timestamp: '2023-10-16T05:48:54.039Z'
}
{
  message: 'connected To Db',
  level: 'info',
  label: 'UMS-info-Success',
  timestamp: '2023-10-16T05:51:59.326Z'
}
{
  message: 'Application listening on port 5000',
  level: 'info',
  label: 'UMS-info-Success',
  timestamp: '2023-10-16T05:51:59.329Z'
}
{
  message: 'connected To Db',
  level: 'info',
  label: 'UMS-info-Success',
  timestamp: '2023-10-16T05:52:46.234Z'
}
{
  message: 'Application listening on port 5000',
  level: 'info',
  label: 'UMS-info-Success',
  timestamp: '2023-10-16T05:52:46.238Z'
}
{
  message: 'connected To Db',
  level: 'info',
  label: 'UMS-info-Success',
  timestamp: '2023-10-16T05:53:06.332Z'
}
{
  message: 'Application listening on port 5000',
  level: 'info',
  label: 'UMS-info-Success',
  timestamp: '2023-10-16T05:53:06.335Z'
}
{
  message: 'connected To Db',
  level: 'info',
  label: 'UMS-info-Success',
  timestamp: '2023-10-16T05:55:24.669Z'
}
{
  message: 'Application listening on port 5000',
  level: 'info',
  label: 'UMS-info-Success',
  timestamp: '2023-10-16T05:55:24.672Z'
}
{
  message: 'connected To Db',
  level: 'info',
  label: 'UMS-info-Success',
  timestamp: '2023-10-16T05:55:41.069Z'
}
{
  message: 'Application listening on port 5000',
  level: 'info',
  label: 'UMS-info-Success',
  timestamp: '2023-10-16T05:55:41.073Z'
}
{
  message: 'connected To Db',
  level: 'info',
  label: 'UMS-info-Success',
  timestamp: '2023-10-16T05:55:47.271Z'
}
{
  message: 'Application listening on port 5000',
  level: 'info',
  label: 'UMS-info-Success',
  timestamp: '2023-10-16T05:55:47.274Z'
}
{
  message: 'connected To Db',
  level: 'info',
  label: 'UMS-info-Success',
  timestamp: '2023-10-16T05:57:27.273Z'
}
{
  message: 'Application listening on port 5000',
  level: 'info',
  label: 'UMS-info-Success',
  timestamp: '2023-10-16T05:57:27.276Z'
}
