{
  message: 'connected To Db',
  level: 'info',
  label: 'UMS-info-Success',
  timestamp: '2023-10-16T09:14:38.872Z'
}
{
  message: 'Application listening on port 5000',
  level: 'info',
  label: 'UMS-info-Success',
  timestamp: '2023-10-16T09:14:38.876Z'
}
{
  message: 'connected To Db',
  level: 'info',
  label: 'UMS-info-Success',
  timestamp: '2023-10-16T09:16:53.613Z'
}
{
  message: 'Application listening on port 5000',
  level: 'info',
  label: 'UMS-info-Success',
  timestamp: '2023-10-16T09:16:53.615Z'
}
{
  message: 'connected To Db',
  level: 'info',
  label: 'UMS-info-Success',
  timestamp: '2023-10-16T09:19:17.300Z'
}
{
  message: 'Application listening on port 5000',
  level: 'info',
  label: 'UMS-info-Success',
  timestamp: '2023-10-16T09:19:17.304Z'
}
{
  message: 'connected To Db',
  level: 'info',
  label: 'UMS-info-Success',
  timestamp: '2023-10-16T09:22:13.594Z'
}
{
  message: 'Application listening on port 5000',
  level: 'info',
  label: 'UMS-info-Success',
  timestamp: '2023-10-16T09:22:13.597Z'
}
{
  message: 'connected To Db',
  level: 'info',
  label: 'UMS-info-Success',
  timestamp: '2023-10-16T09:23:45.363Z'
}
{
  message: 'Application listening on port 5000',
  level: 'info',
  label: 'UMS-info-Success',
  timestamp: '2023-10-16T09:23:45.368Z'
}
{
  message: 'connected To Db',
  level: 'info',
  label: 'UMS-info-Success',
  timestamp: '2023-10-16T09:24:02.615Z'
}
{
  message: 'Application listening on port 5000',
  level: 'info',
  label: 'UMS-info-Success',
  timestamp: '2023-10-16T09:24:02.618Z'
}
